::1 - GET / HTTP/1.1 304 - - 15.259 ms
::1 - GET /css/bootstrap.min.css HTTP/1.1 304 - - 5.003 ms
::1 - GET /css/styles.css HTTP/1.1 304 - - 6.011 ms
::1 - GET /js/bootstrap.min.js HTTP/1.1 304 - - 1.908 ms
::1 - GET /fonts/glyphicons-halflings-regular.woff HTTP/1.1 404 178 - 2.707 ms
::1 - GET /fonts/glyphicons-halflings-regular.ttf HTTP/1.1 404 177 - 1.549 ms
::1 - GET /category HTTP/1.1 304 - - 4.593 ms
::1 - GET /css/bootstrap.min.css HTTP/1.1 304 - - 1.455 ms
::1 - GET /css/styles.css HTTP/1.1 304 - - 3.532 ms
::1 - GET /js/bootstrap.min.js HTTP/1.1 304 - - 3.323 ms
::1 - GET /fonts/glyphicons-halflings-regular.woff HTTP/1.1 404 178 - 0.607 ms
::1 - GET /fonts/glyphicons-halflings-regular.ttf HTTP/1.1 404 177 - 0.468 ms
::1 - GET /products HTTP/1.1 304 - - 4.835 ms
::1 - GET /css/bootstrap.min.css HTTP/1.1 304 - - 1.585 ms
::1 - GET /css/styles.css HTTP/1.1 304 - - 0.679 ms
::1 - GET /js/bootstrap.min.js HTTP/1.1 304 - - 1.480 ms
::1 - GET /fonts/glyphicons-halflings-regular.woff HTTP/1.1 404 178 - 1.356 ms
::1 - GET /fonts/glyphicons-halflings-regular.ttf HTTP/1.1 404 177 - 0.965 ms
::1 - GET /products HTTP/1.1 304 - - 8.122 ms
::1 - GET /css/bootstrap.min.css HTTP/1.1 304 - - 0.762 ms
::1 - GET /css/styles.css HTTP/1.1 304 - - 0.919 ms
::1 - GET /js/bootstrap.min.js HTTP/1.1 304 - - 0.706 ms
::1 - GET /fonts/glyphicons-halflings-regular.woff HTTP/1.1 404 178 - 0.862 ms
::1 - GET /fonts/glyphicons-halflings-regular.ttf HTTP/1.1 404 177 - 1.212 ms
